
Connected to: Oracle Database 10g Express Edition Release 10.2.0.1.0 - Production
Export done in US7ASCII character set and AL16UTF16 NCHAR character set
server uses WE8MSWIN1252 character set (possible charset conversion)

About to export specified tables via Conventional Path ...
. . exporting table                       PERSONNE         10 rows exported
. . exporting table                       ADHERENT          6 rows exported
. . exporting table         PERSONNELADMINISTRATIF          2 rows exported
. . exporting table               PERSONNELSPORTIF          5 rows exported
. . exporting table                  MATERIELVENTE          4 rows exported
. . exporting table               MATERIELLOCATION          3 rows exported
. . exporting table                       LOCATION          3 rows exported
. . exporting table               TAB_MATERIEL_LOC          4 rows exported
. . exporting table                          VENTE          2 rows exported
. . exporting table                   TAB_MATERIEL          4 rows exported
. . exporting table                         CASIER          5 rows exported
. . exporting table         RESERVATIONCASIERANNEE          2 rows exported
. . exporting table        RESERVATIONCASIERSEANCE          2 rows exported
. . exporting table                        FORFAIT          5 rows exported
. . exporting table         HISTORIQUESOUSCRIPTION          0 rows exported
. . exporting table                   SOUSCRIPTION          5 rows exported
. . exporting table                  TERRAINSQUASH          6 rows exported
. . exporting table       RESERVATIONTERRAINSQUASH          3 rows exported
. . exporting table                    COURSSQUASH         10 rows exported
. . exporting table          COURSSQUASHINDIVIDUEL          4 rows exported
. . exporting table           COURSSQUASHCOLLECTIF          3 rows exported
. . exporting table    INSCRIPTIONCOURSSQCOLLECTIF          3 rows exported
. . exporting table       CRENEAUCOURSSQINDIVIDUEL          3 rows exported
. . exporting table             CRENEAUCOURSSQCOLL          4 rows exported
. . exporting table                       SALLEGYM         10 rows exported
. . exporting table                       COURSGYM          2 rows exported
. . exporting table                CRENEAUCOURSGYM          3 rows exported
Export terminated successfully without warnings.
